0 info it worked if it ends with ok
1 verbose cli [ 'E:\\programs\\nodejs\\\\node.exe',
1 verbose cli   'E:\\programs\\nodejs\\node_modules\\npm\\bin\\npm-cli.js',
1 verbose cli   'start' ]
2 info using npm@1.3.14
3 info using node@v0.12.2
4 verbose node symlink E:\programs\nodejs\\node.exe
5 error Error: ENOENT, open 'd:\data\projekty\www\my_workspace\cms5\package.json'
5 error     at Error (native)
6 error If you need help, you may report this log at:
6 error     <http://github.com/isaacs/npm/issues>
6 error or email it to:
6 error     <npm-@googlegroups.com>
7 error System Windows_NT 6.3.9600
8 error command "E:\\programs\\nodejs\\\\node.exe" "E:\\programs\\nodejs\\node_modules\\npm\\bin\\npm-cli.js" "start"
9 error cwd d:\data\projekty\www\my_workspace\cms5
10 error node -v v0.12.2
11 error npm -v 1.3.14
12 error path d:\data\projekty\www\my_workspace\cms5\package.json
13 error code ENOENT
14 error errno -4058
15 verbose exit [ -4058, true ]
